#
# There is insufficient memory for the Java Runtime Environment to continue.
# Native memory allocation (malloc) failed to allocate 368656 bytes for Chunk::new
# Possible reasons:
#   The system is out of physical RAM or swap space
#   The process is running with CompressedOops enabled, and the Java Heap may be blocking the growth of the native heap
# Possible solutions:
#   Reduce memory load on the system
#   Increase physical memory or swap space
#   Check if swap backing store is full
#   Decrease Java heap size (-Xmx/-Xms)
#   Decrease number of Java threads
#   Decrease Java thread stack sizes (-Xss)
#   Set larger code cache with -XX:ReservedCodeCacheSize=
#   JVM is running with Unscaled Compressed Oops mode in which the Java heap is
#     placed in the first 4GB address space. The Java Heap base address is the
#     maximum limit for the native heap growth. Please use -XX:HeapBaseMinAddress
#     to set the Java Heap base and to place the Java Heap above 4GB virtual address.
# This output file may be truncated or incomplete.
#
#  Out of Memory Error (./src/hotspot/share/memory/arena.cpp:197), pid=16524, tid=21496
#
# JRE version:  (11.0.16.1+1) (build )
# Java VM: OpenJDK 64-Bit Server VM (11.0.16.1+1-LTS, mixed mode, tiered, compressed oops, g1 gc, windows-amd64)
# No core dump will be written. Minidumps are not enabled by default on client versions of Windows
#

---------------  S U M M A R Y ------------

Command Line: 

Host: Intel(R) Core(TM) i5-8300H CPU @ 2.30GHz, 8 cores, 7G,  Windows 11 , 64 bit Build 22621 (10.0.22621.3672)
Time: Wed Aug  7 08:28:20 2024 GMT Daylight Time elapsed time: 0.206305 seconds (0d 0h 0m 0s)

---------------  T H R E A D  ---------------

Current thread (0x00000249935dd800):  JavaThread "Unknown thread" [_thread_in_vm, id=21496, stack(0x000000d76b300000,0x000000d76b400000)]

Stack: [0x000000d76b300000,0x000000d76b400000]
Native frames: (J=compiled Java code, j=interpreted, Vv=VM code, C=native code)
V  [jvm.dll+0x62652a]
V  [jvm.dll+0x7b3249]
V  [jvm.dll+0x7b4938]
V  [jvm.dll+0x7b5013]
V  [jvm.dll+0x24fca8]
V  [jvm.dll+0xc262c]
V  [jvm.dll+0xc2343]
V  [jvm.dll+0x741dbc]
V  [jvm.dll+0x78ea79]
V  [jvm.dll+0x35f8e9]
V  [jvm.dll+0x770000]
V  [jvm.dll+0x3cd40f]
V  [jvm.dll+0x3cf7a1]
C  [jli.dll+0x5207]
C  [ucrtbase.dll+0x29333]
C  [KERNEL32.DLL+0x1257d]
C  [ntdll.dll+0x5af28]


---------------  P R O C E S S  ---------------

Threads class SMR info:
_java_thread_list=0x00000249933354f0, length=0, elements={
}

Java Threads: ( => current thread )

Other Threads:
  0x00000249935f4000 GCTaskThread "GC Thread#0" [stack: 0x000000d76b400000,0x000000d76b500000] [id=23716]
  0x0000024993628800 ConcurrentGCThread "G1 Main Marker" [stack: 0x000000d76b500000,0x000000d76b600000] [id=1944]
  0x000002499362a000 ConcurrentGCThread "G1 Conc#0" [stack: 0x000000d76b600000,0x000000d76b700000] [id=7496]
  0x00000249936ad800 ConcurrentGCThread "G1 Refine#0" [stack: 0x000000d76b700000,0x000000d76b800000] [id=22988]
  0x00000249b4351800 ConcurrentGCThread "G1 Young RemSet Sampling" [stack: 0x000000d76b800000,0x000000d76b900000] [id=8956]

=>0x00000249935dd800 (exited) JavaThread "Unknown thread" [_thread_in_vm, id=21496, stack(0x000000d76b300000,0x000000d76b400000)]

Threads with active compile tasks:

VM state:not at safepoint (not fully initialized)

VM Mutex/Monitor currently owned by a thread: None

Heap address: 0x0000000082400000, size: 2012 MB, Compressed Oops mode: 32-bit
Narrow klass base: 0x0000000000000000, Narrow klass shift: 3
Compressed class space size: 1073741824 Address: 0x0000000100000000

GC Heap History (0 events):
No events

Deoptimization events (0 events):
No events

Classes redefined (0 events):
No events

Internal exceptions (0 events):
No events

Events (1 events):
Event: 0.070 Loaded shared library C:\Program Files\Microsoft\jdk-11.0.16.101-hotspot\bin\zip.dll


Dynamic libraries:
0x00007ff7416b0000 - 0x00007ff7416bd000 	C:\Program Files\Microsoft\jdk-11.0.16.101-hotspot\bin\java.exe
0x00007ff87ba50000 - 0x00007ff87bc67000 	C:\WINDOWS\SYSTEM32\ntdll.dll
0x00007ff87a6d0000 - 0x00007ff87a794000 	C:\WINDOWS\System32\KERNEL32.DLL
0x00007ff878f50000 - 0x00007ff8792fd000 	C:\WINDOWS\System32\KERNELBASE.dll
0x00007ff879640000 - 0x00007ff879751000 	C:\WINDOWS\System32\ucrtbase.dll
0x00007ff803990000 - 0x00007ff8039a7000 	C:\Program Files\Microsoft\jdk-11.0.16.101-hotspot\bin\jli.dll
0x00007ff87b830000 - 0x00007ff87b9de000 	C:\WINDOWS\System32\USER32.dll
0x00007ff878ea0000 - 0x00007ff878ec6000 	C:\WINDOWS\System32\win32u.dll
0x00007ff87b9e0000 - 0x00007ff87ba09000 	C:\WINDOWS\System32\GDI32.dll
0x00007ff878d80000 - 0x00007ff878e99000 	C:\WINDOWS\System32\gdi32full.dll
0x00007ff8795a0000 - 0x00007ff87963a000 	C:\WINDOWS\System32\msvcp_win.dll
0x00007ff8010d0000 - 0x00007ff8010e5000 	C:\Program Files\Microsoft\jdk-11.0.16.101-hotspot\bin\VCRUNTIME140.dll
0x00007ff866800000 - 0x00007ff866a93000 	C:\WINDOWS\WinSxS\amd64_microsoft.windows.common-controls_6595b64144ccf1df_6.0.22621.3672_none_2713b9d173822955\COMCTL32.dll
0x00007ff87a460000 - 0x00007ff87a507000 	C:\WINDOWS\System32\msvcrt.dll
0x00007ff87b130000 - 0x00007ff87b161000 	C:\WINDOWS\System32\IMM32.DLL
0x00007fffd2450000 - 0x00007fffd24eb000 	C:\Program Files\Microsoft\jdk-11.0.16.101-hotspot\bin\msvcp140.dll
0x00007fffc41a0000 - 0x00007fffc4d2a000 	C:\Program Files\Microsoft\jdk-11.0.16.101-hotspot\bin\server\jvm.dll
0x00007ff8799f0000 - 0x00007ff879aa2000 	C:\WINDOWS\System32\ADVAPI32.dll
0x00007ff879b40000 - 0x00007ff879be9000 	C:\WINDOWS\System32\sechost.dll
0x00007ff879760000 - 0x00007ff879788000 	C:\WINDOWS\System32\bcrypt.dll
0x00007ff879d10000 - 0x00007ff879e24000 	C:\WINDOWS\System32\RPCRT4.dll
0x00007ff87a800000 - 0x00007ff87a808000 	C:\WINDOWS\System32\PSAPI.DLL
0x00007ff874910000 - 0x00007ff874919000 	C:\WINDOWS\SYSTEM32\WSOCK32.dll
0x00007ff873bc0000 - 0x00007ff873bf4000 	C:\WINDOWS\SYSTEM32\WINMM.dll
0x00007ff879bf0000 - 0x00007ff879c61000 	C:\WINDOWS\System32\WS2_32.dll
0x00007ff8737d0000 - 0x00007ff8737da000 	C:\WINDOWS\SYSTEM32\VERSION.dll
0x00007ff877de0000 - 0x00007ff877df8000 	C:\WINDOWS\SYSTEM32\kernel.appcore.dll
0x00007ff830ef0000 - 0x00007ff830f00000 	C:\Program Files\Microsoft\jdk-11.0.16.101-hotspot\bin\verify.dll
0x00007ff8766c0000 - 0x00007ff8768f2000 	C:\WINDOWS\SYSTEM32\DBGHELP.DLL
0x00007ff87b330000 - 0x00007ff87b6b8000 	C:\WINDOWS\System32\combase.dll
0x00007ff87b6c0000 - 0x00007ff87b797000 	C:\WINDOWS\System32\OLEAUT32.dll
0x00007ff844530000 - 0x00007ff844562000 	C:\WINDOWS\SYSTEM32\dbgcore.DLL
0x00007ff878ed0000 - 0x00007ff878f4b000 	C:\WINDOWS\System32\bcryptPrimitives.dll
0x00007fffd4f70000 - 0x00007fffd4f98000 	C:\Program Files\Microsoft\jdk-11.0.16.101-hotspot\bin\java.dll
0x00007ff82e120000 - 0x00007ff82e12a000 	C:\Program Files\Microsoft\jdk-11.0.16.101-hotspot\bin\jimage.dll
0x00007fffe0a50000 - 0x00007fffe0a68000 	C:\Program Files\Microsoft\jdk-11.0.16.101-hotspot\bin\zip.dll

dbghelp: loaded successfully - version: 4.0.5 - missing functions: none
symbol engine: initialized successfully - sym options: 0x614 - pdb path: .;C:\Program Files\Microsoft\jdk-11.0.16.101-hotspot\bin;C:\WINDOWS\SYSTEM32;C:\WINDOWS\WinSxS\amd64_microsoft.windows.common-controls_6595b64144ccf1df_6.0.22621.3672_none_2713b9d173822955;C:\Program Files\Microsoft\jdk-11.0.16.101-hotspot\bin\server

VM Arguments:
java_command: <unknown>
java_class_path (initial): <not set>
Launcher Type: SUN_STANDARD

[Global flags]
     intx CICompilerCount                          = 4                                         {product} {ergonomic}
     uint ConcGCThreads                            = 2                                         {product} {ergonomic}
     uint G1ConcRefinementThreads                  = 8                                         {product} {ergonomic}
   size_t G1HeapRegionSize                         = 1048576                                   {product} {ergonomic}
    uintx GCDrainStackTargetSize                   = 64                                        {product} {ergonomic}
   size_t InitialHeapSize                          = 132120576                                 {product} {ergonomic}
   size_t MarkStackSize                            = 4194304                                   {product} {ergonomic}
   size_t MaxHeapSize                              = 2109734912                                {product} {ergonomic}
   size_t MaxNewSize                               = 1265631232                                {product} {ergonomic}
   size_t MinHeapDeltaBytes                        = 1048576                                   {product} {ergonomic}
    uintx NonNMethodCodeHeapSize                   = 5836300                                {pd product} {ergonomic}
    uintx NonProfiledCodeHeapSize                  = 122910970                              {pd product} {ergonomic}
    uintx ProfiledCodeHeapSize                     = 122910970                              {pd product} {ergonomic}
    uintx ReservedCodeCacheSize                    = 251658240                              {pd product} {ergonomic}
     bool SegmentedCodeCache                       = true                                      {product} {ergonomic}
     bool UseCompressedClassPointers               = true                                 {lp64_product} {ergonomic}
     bool UseCompressedOops                        = true                                 {lp64_product} {ergonomic}
     bool UseG1GC                                  = true                                      {product} {ergonomic}
     bool UseLargePagesIndividualAllocation        = false                                  {pd product} {ergonomic}

Logging:
Log output configuration:
 #0: stdout all=warning uptime,level,tags
 #1: stderr all=off uptime,level,tags

Environment Variables:
PATH=C:\Program Files\Microsoft\jdk-11.0.16.101-hotspot\bin;C:\ProgramData\Oracle\Java\javapath;C:\Windows\system32;C:\Windows;C:\Windows\System32\Wbem;C:\Windows\System32\WindowsPowerShell\v1.0\;C:\Windows\System32\OpenSSH\;C:\Program Files (x86)\NVIDIA Corporation\PhysX\Common;C:\Program Files\NVIDIA Corporation\NVIDIA NvDLISR;C:\WINDOWS\system32;C:\WINDOWS;C:\WINDOWS\System32\Wbem;C:\WINDOWS\System32\WindowsPowerShell\v1.0\;C:\WINDOWS\System32\OpenSSH\;C:\Program Files\Microsoft SQL Server\110\DTS\Binn\;C:\Program Files (x86)\Microsoft SQL Server\110\Tools\Binn\;C:\Program Files\Microsoft SQL Server\110\Tools\Binn\;C:\Program Files (x86)\Microsoft SQL Server\110\Tools\Binn\ManagementStudio\;C:\Program Files (x86)\Microsoft Visual Studio 10.0\Common7\IDE\PrivateAssemblies\;C:\Program Files (x86)\Microsoft SQL Server\110\DTS\Binn\;C:\Program Files\Microsoft\Web Platform Installer\;C:\Program Files (x86)\Microsoft ASP.NET\ASP.NET Web Pages\v1.0\;C:\Program Files\Microsoft SQL Server\Client SDK\ODBC\170\Tools\Binn\;C:\Program Files\dotnet\;C:\Program Files\Git\cmd;C:\WINDOWS\system32;C:\WINDOWS;C:\WINDOWS\System32\Wbem;C:\WINDOWS\System32\WindowsPowerShell\v1.0\;C:\WINDOWS\System32\OpenSSH\;C:\Users\VINU\AppData\Local\Microsoft\WindowsApps;C:\Users\VINU\.dotnet\tools
USERNAME=VINU
OS=Windows_NT
PROCESSOR_IDENTIFIER=Intel64 Family 6 Model 158 Stepping 10, GenuineIntel
TMP=C:\Users\VINU\AppData\Local\Temp
TEMP=C:\Users\VINU\AppData\Local\Temp



---------------  S Y S T E M  ---------------

OS: Windows 11 , 64 bit Build 22621 (10.0.22621.3672)
OS uptime: 19 days 22:55 hours
Hyper-V role detected

CPU:total 8 (initial active 8) (4 cores per cpu, 2 threads per core) family 6 model 158 stepping 10 microcode 0xde, cmov, cx8, fxsr, mmx, sse, sse2, sse3, ssse3, sse4.1, sse4.2, popcnt, avx, avx2, aes, clmul, erms, 3dnowpref, lzcnt, ht, tsc, tscinvbit, bmi1, bmi2, adx, fma

Memory: 4k page, system-wide physical 8043M (262M free)
TotalPageFile size 15716M (AvailPageFile size 0M)
current process WorkingSet (physical memory assigned to process): 16M, peak: 16M
current process commit charge ("private bytes"): 192M, peak: 192M

vm_info: OpenJDK 64-Bit Server VM (11.0.16.1+1-LTS) for windows-amd64 JRE (11.0.16.1+1-LTS), built on Aug 20 2022 20:09:04 by "" with MS VC++ 15.9 (VS2017)

END.
